<?xml version="1.0" encoding="UTF-8"?>
<!-- Generated by org.testng.reporters.JUnitReportReporter -->
<testsuite hostname="Arthana" failures="0" tests="1" name="testscript.HomeTest" time="4.677" errors="0" timestamp="2025-04-08T00:48:26 IST" skipped="0">
  <testcase classname="testscript.HomeTest" name="verifyWhetherUserIsAbleToLogout" time="4.677"/>
</testsuite> <!-- testscript.HomeTest -->
