<?xml version="1.0" encoding="UTF-8"?>
<!-- Generated by org.testng.reporters.JUnitReportReporter -->
<testsuite hostname="Arthana" failures="0" tests="5" name="testscript.LoginTest" time="26.924" errors="0" timestamp="2025-04-08T00:49:11 IST" skipped="0">
  <testcase classname="testscript.LoginTest" name="verifyWhetherUserCanLoginWithValidCredentials" time="5.579"/>
  <testcase classname="testscript.LoginTest" name="verifyWhetherUserCanLoginWithValidUsernameAndInvalidPassword" time="11.987"/>
  <testcase classname="testscript.LoginTest" name="verifyWhetherUserCanLoginWithInValidUsernameAndValidPassword" time="3.539"/>
  <testcase classname="testscript.LoginTest" name="verifyWhetherUserCanLoginWithInValidCredentials" time="2.694"/>
  <testcase classname="testscript.LoginTest" name="verifyWhetherUserCanLoginWithInValidCredentials" time="3.125"/>
</testsuite> <!-- testscript.LoginTest -->
