<?xml version="1.0" encoding="UTF-8"?>
<!-- Generated by org.testng.reporters.JUnitReportReporter -->
<testsuite hostname="Arthana" failures="0" tests="2" name="testscript.SubCategoryTest" time="9.746" errors="0" timestamp="2025-04-09T13:21:26 IST" skipped="0">
  <testcase classname="testscript.SubCategoryTest" name="verifyWhetherUserIsAbleToSearchSubCategory" time="5.202"/>
  <testcase classname="testscript.SubCategoryTest" name="verifyWhetherUserIsAbleToAddNewSubCategory" time="4.544"/>
</testsuite> <!-- testscript.SubCategoryTest -->
