<?xml version="1.0" encoding="UTF-8"?>
<!-- Generated by org.testng.reporters.JUnitReportReporter -->
<testsuite hostname="Arthana" failures="0" tests="2" name="testscript.ManageNewsTest" time="7.577" errors="0" timestamp="2025-04-09T13:21:52 IST" skipped="0">
  <testcase classname="testscript.ManageNewsTest" name="verifyWhetherUserIsAbleToAddNews" time="4.421"/>
  <testcase classname="testscript.ManageNewsTest" name="verifyWhetherUserIsAbleToSearchNews" time="3.156"/>
</testsuite> <!-- testscript.ManageNewsTest -->
