<?xml version="1.0" encoding="UTF-8"?>
<!-- Generated by org.testng.reporters.JUnitReportReporter -->
<testsuite hostname="Arthana" failures="0" tests="2" name="testscript.AdminUsersTest" time="7.900" errors="0" timestamp="2025-04-09T13:20:14 IST" skipped="0">
  <testcase classname="testscript.AdminUsersTest" name="verifyWhetherUserIsAbleToAddNewUser" time="4.504"/>
  <testcase classname="testscript.AdminUsersTest" name="verifyWhetherUserIsAbleToSearchUser" time="3.396"/>
</testsuite> <!-- testscript.AdminUsersTest -->
