<?xml version="1.0" encoding="UTF-8"?>
<!-- Generated by org.testng.reporters.JUnitReportReporter -->
<testsuite hostname="Arthana" failures="0" tests="2" name="testscript.ManageNewsTest" time="10.968" errors="0" timestamp="2025-04-07T22:45:33 IST" skipped="0">
  <testcase classname="testscript.ManageNewsTest" name="verifyWhetherUserIsAbleToAddNews" time="5.085"/>
  <testcase classname="testscript.ManageNewsTest" name="verifyWhetherUserIsAbleToSearchNews" time="5.883"/>
</testsuite> <!-- testscript.ManageNewsTest -->
