<?xml version="1.0" encoding="UTF-8"?>
<!-- Generated by org.testng.reporters.JUnitReportReporter -->
<testsuite hostname="Arthana" failures="0" tests="1" name="testscript.HomeTest" time="3.977" errors="0" timestamp="2025-04-09T13:20:34 IST" skipped="0">
  <testcase classname="testscript.HomeTest" name="verifyWhetherUserIsAbleToLogout" time="3.977"/>
</testsuite> <!-- testscript.HomeTest -->
