<?xml version="1.0" encoding="UTF-8"?>
<!-- Generated by org.testng.reporters.JUnitReportReporter -->
<testsuite hostname="Arthana" failures="0" tests="1" name="testscript.AdminUsersTest" time="17.049" errors="0" timestamp="2025-04-08T00:28:39 IST" skipped="0">
  <testcase classname="testscript.AdminUsersTest" name="verifyWhetherUserIsAbleToSearchUser" time="17.049"/>
</testsuite> <!-- testscript.AdminUsersTest -->
