<?xml version="1.0" encoding="UTF-8"?>
<!-- Generated by org.testng.reporters.JUnitReportReporter -->
<testsuite hostname="Arthana" failures="0" tests="5" name="testscript.LoginTest" time="12.812" errors="0" timestamp="2025-04-09T13:21:01 IST" skipped="0">
  <testcase classname="testscript.LoginTest" name="verifyWhetherUserCanLoginWithValidCredentials" time="2.928"/>
  <testcase classname="testscript.LoginTest" name="verifyWhetherUserCanLoginWithValidUsernameAndInvalidPassword" time="2.766"/>
  <testcase classname="testscript.LoginTest" name="verifyWhetherUserCanLoginWithInValidUsernameAndValidPassword" time="2.362"/>
  <testcase classname="testscript.LoginTest" name="verifyWhetherUserCanLoginWithInValidCredentials" time="2.370"/>
  <testcase classname="testscript.LoginTest" name="verifyWhetherUserCanLoginWithInValidCredentials" time="2.386"/>
</testsuite> <!-- testscript.LoginTest -->
